<?xml version="1.0" encoding="UTF-8"?>
<testsuite xmlns:xsi="http://www.w3.org/2001/XMLSchema-instance" xsi:noNamespaceSchemaLocation="https://maven.apache.org/surefire/maven-surefire-plugin/xsd/surefire-test-report.xsd" version="3.0.2" name="hellocucumber.RunCucumberTest" time="0.568" tests="2" errors="0" skipped="0" failures="0">
  <properties>
    <property name="java.specification.version" value="21"/>
    <property name="sun.jnu.encoding" value="UTF-8"/>
    <property name="java.class.path" value="/home/german/Documents/Coding/hellocucumber/target/test-classes:/home/german/Documents/Coding/hellocucumber/target/classes:/home/german/.m2/repository/org/assertj/assertj-core/3.27.2/assertj-core-3.27.2.jar:/home/german/.m2/repository/net/bytebuddy/byte-buddy/1.15.11/byte-buddy-1.15.11.jar:/home/german/.m2/repository/io/cucumber/cucumber-java/7.20.1/cucumber-java-7.20.1.jar:/home/german/.m2/repository/io/cucumber/cucumber-core/7.20.1/cucumber-core-7.20.1.jar:/home/german/.m2/repository/io/cucumber/cucumber-gherkin/7.20.1/cucumber-gherkin-7.20.1.jar:/home/german/.m2/repository/io/cucumber/cucumber-gherkin-messages/7.20.1/cucumber-gherkin-messages-7.20.1.jar:/home/german/.m2/repository/io/cucumber/gherkin/28.0.0/gherkin-28.0.0.jar:/home/german/.m2/repository/io/cucumber/messages/24.1.0/messages-24.1.0.jar:/home/german/.m2/repository/io/cucumber/testng-xml-formatter/0.2.0/testng-xml-formatter-0.2.0.jar:/home/german/.m2/repository/io/cucumber/query/12.2.0/query-12.2.0.jar:/home/german/.m2/repository/io/cucumber/tag-expressions/6.1.0/tag-expressions-6.1.0.jar:/home/german/.m2/repository/io/cucumber/cucumber-expressions/17.1.0/cucumber-expressions-17.1.0.jar:/home/german/.m2/repository/io/cucumber/datatable/7.20.1/datatable-7.20.1.jar:/home/german/.m2/repository/io/cucumber/cucumber-plugin/7.20.1/cucumber-plugin-7.20.1.jar:/home/german/.m2/repository/io/cucumber/docstring/7.20.1/docstring-7.20.1.jar:/home/german/.m2/repository/io/cucumber/html-formatter/21.7.0/html-formatter-21.7.0.jar:/home/german/.m2/repository/io/cucumber/junit-xml-formatter/0.5.0/junit-xml-formatter-0.5.0.jar:/home/german/.m2/repository/io/cucumber/ci-environment/10.0.1/ci-environment-10.0.1.jar:/home/german/.m2/repository/org/apiguardian/apiguardian-api/1.1.2/apiguardian-api-1.1.2.jar:/home/german/.m2/repository/io/cucumber/cucumber-junit-platform-engine/7.20.1/cucumber-junit-platform-engine-7.20.1.jar:/home/german/.m2/repository/org/junit/platform/junit-platform-engine/1.11.2/junit-platform-engine-1.11.2.jar:/home/german/.m2/repository/org/opentest4j/opentest4j/1.3.0/opentest4j-1.3.0.jar:/home/german/.m2/repository/org/junit/platform/junit-platform-commons/1.11.2/junit-platform-commons-1.11.2.jar:/home/german/.m2/repository/org/junit/platform/junit-platform-suite/1.11.2/junit-platform-suite-1.11.2.jar:/home/german/.m2/repository/org/junit/platform/junit-platform-suite-api/1.11.2/junit-platform-suite-api-1.11.2.jar:/home/german/.m2/repository/org/junit/platform/junit-platform-suite-engine/1.11.2/junit-platform-suite-engine-1.11.2.jar:/home/german/.m2/repository/org/junit/platform/junit-platform-suite-commons/1.11.2/junit-platform-suite-commons-1.11.2.jar:/home/german/.m2/repository/org/junit/platform/junit-platform-launcher/1.11.2/junit-platform-launcher-1.11.2.jar:/home/german/.m2/repository/org/junit/jupiter/junit-jupiter/5.11.2/junit-jupiter-5.11.2.jar:/home/german/.m2/repository/org/junit/jupiter/junit-jupiter-api/5.11.2/junit-jupiter-api-5.11.2.jar:/home/german/.m2/repository/org/junit/jupiter/junit-jupiter-params/5.11.2/junit-jupiter-params-5.11.2.jar:/home/german/.m2/repository/org/junit/jupiter/junit-jupiter-engine/5.11.2/junit-jupiter-engine-5.11.2.jar:"/>
    <property name="java.vm.vendor" value="Ubuntu"/>
    <property name="sun.arch.data.model" value="64"/>
    <property name="java.vendor.url" value="https://ubuntu.com/"/>
    <property name="user.timezone" value="America/New_York"/>
    <property name="os.name" value="Linux"/>
    <property name="java.vm.specification.version" value="21"/>
    <property name="sun.java.launcher" value="SUN_STANDARD"/>
    <property name="user.country" value="US"/>
    <property name="sun.boot.library.path" value="/usr/lib/jvm/java-21-openjdk-amd64/lib"/>
    <property name="sun.java.command" value="/home/german/Documents/Coding/hellocucumber/target/surefire/surefirebooter-20250224211156780_3.jar /home/german/Documents/Coding/hellocucumber/target/surefire 2025-02-24T21-11-56_738-jvmRun1 surefire-20250224211156780_1tmp surefire_0-20250224211156780_2tmp"/>
    <property name="jdk.debug" value="release"/>
    <property name="surefire.test.class.path" value="/home/german/Documents/Coding/hellocucumber/target/test-classes:/home/german/Documents/Coding/hellocucumber/target/classes:/home/german/.m2/repository/org/assertj/assertj-core/3.27.2/assertj-core-3.27.2.jar:/home/german/.m2/repository/net/bytebuddy/byte-buddy/1.15.11/byte-buddy-1.15.11.jar:/home/german/.m2/repository/io/cucumber/cucumber-java/7.20.1/cucumber-java-7.20.1.jar:/home/german/.m2/repository/io/cucumber/cucumber-core/7.20.1/cucumber-core-7.20.1.jar:/home/german/.m2/repository/io/cucumber/cucumber-gherkin/7.20.1/cucumber-gherkin-7.20.1.jar:/home/german/.m2/repository/io/cucumber/cucumber-gherkin-messages/7.20.1/cucumber-gherkin-messages-7.20.1.jar:/home/german/.m2/repository/io/cucumber/gherkin/28.0.0/gherkin-28.0.0.jar:/home/german/.m2/repository/io/cucumber/messages/24.1.0/messages-24.1.0.jar:/home/german/.m2/repository/io/cucumber/testng-xml-formatter/0.2.0/testng-xml-formatter-0.2.0.jar:/home/german/.m2/repository/io/cucumber/query/12.2.0/query-12.2.0.jar:/home/german/.m2/repository/io/cucumber/tag-expressions/6.1.0/tag-expressions-6.1.0.jar:/home/german/.m2/repository/io/cucumber/cucumber-expressions/17.1.0/cucumber-expressions-17.1.0.jar:/home/german/.m2/repository/io/cucumber/datatable/7.20.1/datatable-7.20.1.jar:/home/german/.m2/repository/io/cucumber/cucumber-plugin/7.20.1/cucumber-plugin-7.20.1.jar:/home/german/.m2/repository/io/cucumber/docstring/7.20.1/docstring-7.20.1.jar:/home/german/.m2/repository/io/cucumber/html-formatter/21.7.0/html-formatter-21.7.0.jar:/home/german/.m2/repository/io/cucumber/junit-xml-formatter/0.5.0/junit-xml-formatter-0.5.0.jar:/home/german/.m2/repository/io/cucumber/ci-environment/10.0.1/ci-environment-10.0.1.jar:/home/german/.m2/repository/org/apiguardian/apiguardian-api/1.1.2/apiguardian-api-1.1.2.jar:/home/german/.m2/repository/io/cucumber/cucumber-junit-platform-engine/7.20.1/cucumber-junit-platform-engine-7.20.1.jar:/home/german/.m2/repository/org/junit/platform/junit-platform-engine/1.11.2/junit-platform-engine-1.11.2.jar:/home/german/.m2/repository/org/opentest4j/opentest4j/1.3.0/opentest4j-1.3.0.jar:/home/german/.m2/repository/org/junit/platform/junit-platform-commons/1.11.2/junit-platform-commons-1.11.2.jar:/home/german/.m2/repository/org/junit/platform/junit-platform-suite/1.11.2/junit-platform-suite-1.11.2.jar:/home/german/.m2/repository/org/junit/platform/junit-platform-suite-api/1.11.2/junit-platform-suite-api-1.11.2.jar:/home/german/.m2/repository/org/junit/platform/junit-platform-suite-engine/1.11.2/junit-platform-suite-engine-1.11.2.jar:/home/german/.m2/repository/org/junit/platform/junit-platform-suite-commons/1.11.2/junit-platform-suite-commons-1.11.2.jar:/home/german/.m2/repository/org/junit/platform/junit-platform-launcher/1.11.2/junit-platform-launcher-1.11.2.jar:/home/german/.m2/repository/org/junit/jupiter/junit-jupiter/5.11.2/junit-jupiter-5.11.2.jar:/home/german/.m2/repository/org/junit/jupiter/junit-jupiter-api/5.11.2/junit-jupiter-api-5.11.2.jar:/home/german/.m2/repository/org/junit/jupiter/junit-jupiter-params/5.11.2/junit-jupiter-params-5.11.2.jar:/home/german/.m2/repository/org/junit/jupiter/junit-jupiter-engine/5.11.2/junit-jupiter-engine-5.11.2.jar:"/>
    <property name="sun.cpu.endian" value="little"/>
    <property name="user.home" value="/home/german"/>
    <property name="user.language" value="en"/>
    <property name="java.specification.vendor" value="Oracle Corporation"/>
    <property name="java.version.date" value="2025-01-21"/>
    <property name="java.home" value="/usr/lib/jvm/java-21-openjdk-amd64"/>
    <property name="file.separator" value="/"/>
    <property name="basedir" value="/home/german/Documents/Coding/hellocucumber"/>
    <property name="java.vm.compressedOopsMode" value="Zero based"/>
    <property name="line.separator" value="&#10;"/>
    <property name="java.specification.name" value="Java Platform API Specification"/>
    <property name="java.vm.specification.vendor" value="Oracle Corporation"/>
    <property name="surefire.real.class.path" value="/home/german/Documents/Coding/hellocucumber/target/surefire/surefirebooter-20250224211156780_3.jar"/>
    <property name="sun.management.compiler" value="HotSpot 64-Bit Tiered Compilers"/>
    <property name="java.runtime.version" value="21.0.6+7-Ubuntu-124.04.1"/>
    <property name="user.name" value="german"/>
    <property name="stdout.encoding" value="UTF-8"/>
    <property name="path.separator" value=":"/>
    <property name="os.version" value="6.8.0-53-generic"/>
    <property name="java.runtime.name" value="OpenJDK Runtime Environment"/>
    <property name="file.encoding" value="UTF-8"/>
    <property name="java.vm.name" value="OpenJDK 64-Bit Server VM"/>
    <property name="localRepository" value="/home/german/.m2/repository"/>
    <property name="java.vendor.url.bug" value="https://bugs.launchpad.net/ubuntu/+source/openjdk-21"/>
    <property name="java.io.tmpdir" value="/tmp"/>
    <property name="java.version" value="21.0.6"/>
    <property name="user.dir" value="/home/german/Documents/Coding/hellocucumber"/>
    <property name="os.arch" value="amd64"/>
    <property name="java.vm.specification.name" value="Java Virtual Machine Specification"/>
    <property name="native.encoding" value="UTF-8"/>
    <property name="java.library.path" value="/usr/java/packages/lib:/usr/lib/x86_64-linux-gnu/jni:/lib/x86_64-linux-gnu:/usr/lib/x86_64-linux-gnu:/usr/lib/jni:/lib:/usr/lib"/>
    <property name="java.vm.info" value="mixed mode, sharing"/>
    <property name="stderr.encoding" value="UTF-8"/>
    <property name="java.vendor" value="Ubuntu"/>
    <property name="java.vm.version" value="21.0.6+7-Ubuntu-124.04.1"/>
    <property name="sun.io.unicode.encoding" value="UnicodeLittle"/>
    <property name="java.class.version" value="65.0"/>
  </properties>
  <testcase name="Is it Friday yet? - Sunday isn&apos;t Friday" classname="Is it Friday yet?" time="0.059">
    <system-out><![CDATA[
Scenario: Sunday isn't Friday        &amp#27;[90m# hellocucumber/is_it_friday_yet.feature:4&amp#27;[0m
  &amp#27;[32mGiven &amp#27;[0m&amp#27;[32mtoday is Sunday&amp#27;[0m              &amp#27;[90m# hellocucumber.StepDefinitions.today_is_Sunday()&amp#27;[0m
  &amp#27;[32mWhen &amp#27;[0m&amp#27;[32mI ask whether it's Friday yet&amp#27;[0m &amp#27;[90m# hellocucumber.StepDefinitions.i_ask_whether_it_s_Friday_yet()&amp#27;[0m
  &amp#27;[32mThen &amp#27;[0m&amp#27;[32mI should be told &amp#27;[0m&amp#27;[32m&amp#27;[1m"Nope"&amp#27;[0m       &amp#27;[90m# hellocucumber.StepDefinitions.i_should_be_told(java.lang.String)&amp#27;[0m
]]></system-out>
    <system-err><![CDATA[Feb 24, 2025 9:11:57 PM io.cucumber.core.resource.ClasspathScanner safelyLoadClass
WARNING: Failed to load class 'net.bytebuddy.dynamic.loading.ClassInjector$UsingJna$Dispatcher$Windows32BitFunctionMapper'.
By default Cucumber scans the entire classpath for step definitions.
You can restrict this by configuring the glue path.

Examples:
 - @CucumberOptions(glue = "com.example.application")
 - @ConfigurationParameter(key = GLUE_PROPERTY_NAME, value = "com.example.application") - src/test/resources/junit-platform.properties   cucumber.glue=com.example.application
 - src/test/resources/cucumber.properties         cucumber.glue=com.example.application

java.lang.NoClassDefFoundError: com/sun/jna/FunctionMapper
	at java.base/java.lang.ClassLoader.defineClass1(Native Method)
	at java.base/java.lang.ClassLoader.defineClass(ClassLoader.java:1027)
	at java.base/java.security.SecureClassLoader.defineClass(SecureClassLoader.java:150)
	at java.base/jdk.internal.loader.BuiltinClassLoader.defineClass(BuiltinClassLoader.java:862)
	at java.base/jdk.internal.loader.BuiltinClassLoader.findClassOnClassPathOrNull(BuiltinClassLoader.java:760)
	at java.base/jdk.internal.loader.BuiltinClassLoader.loadClassOrNull(BuiltinClassLoader.java:681)
	at java.base/jdk.internal.loader.BuiltinClassLoader.loadClass(BuiltinClassLoader.java:639)
	at java.base/jdk.internal.loader.ClassLoaders$AppClassLoader.loadClass(ClassLoaders.java:188)
	at java.base/java.lang.ClassLoader.loadClass(ClassLoader.java:526)
	at io.cucumber.core.resource.ClasspathScanner.safelyLoadClass(ClasspathScanner.java:107)
	at io.cucumber.core.resource.ClasspathScanner.lambda$processClassFiles$5(ClasspathScanner.java:99)
	at io.cucumber.core.resource.PathScanner$ResourceFileVisitor.visitFile(PathScanner.java:75)
	at io.cucumber.core.resource.PathScanner$ResourceFileVisitor.visitFile(PathScanner.java:60)
	at java.base/java.nio.file.Files.walkFileTree(Files.java:2799)
	at io.cucumber.core.resource.PathScanner.findResourcesForPath(PathScanner.java:53)
	at io.cucumber.core.resource.PathScanner.findResourcesForUri(PathScanner.java:31)
	at io.cucumber.core.resource.ClasspathScanner.findClassesForUri(ClasspathScanner.java:73)
	at io.cucumber.core.resource.ClasspathScanner.lambda$findClassesForUris$3(ClasspathScanner.java:65)
	at java.base/java.util.stream.ReferencePipeline$3$1.accept(ReferencePipeline.java:197)
	at java.base/java.util.ArrayList$ArrayListSpliterator.forEachRemaining(ArrayList.java:1708)
	at java.base/java.util.stream.AbstractPipeline.copyInto(AbstractPipeline.java:509)
	at java.base/java.util.stream.AbstractPipeline.wrapAndCopyInto(AbstractPipeline.java:499)
	at java.base/java.util.stream.ReduceOps$ReduceOp.evaluateSequential(ReduceOps.java:921)
	at java.base/java.util.stream.AbstractPipeline.evaluate(AbstractPipeline.java:234)
	at java.base/java.util.stream.ReferencePipeline.collect(ReferencePipeline.java:682)
	at io.cucumber.core.resource.ClasspathScanner.findClassesForUris(ClasspathScanner.java:68)
	at io.cucumber.core.resource.ClasspathScanner.scanForClassesInPackage(ClasspathScanner.java:52)
	at io.cucumber.core.resource.ClasspathScanner.scanForClassesInPackage(ClasspathScanner.java:115)
	at java.base/java.util.stream.ReferencePipeline$3$1.accept(ReferencePipeline.java:197)
	at java.base/java.util.stream.ReferencePipeline$3$1.accept(ReferencePipeline.java:197)
	at java.base/java.util.stream.ReferencePipeline$2$1.accept(ReferencePipeline.java:179)
	at java.base/java.util.ArrayList$ArrayListSpliterator.forEachRemaining(ArrayList.java:1708)
	at java.base/java.util.stream.AbstractPipeline.copyInto(AbstractPipeline.java:509)
	at java.base/java.util.stream.AbstractPipeline.wrapAndCopyInto(AbstractPipeline.java:499)
	at java.base/java.util.stream.ForEachOps$ForEachOp.evaluateSequential(ForEachOps.java:151)
	at java.base/java.util.stream.ForEachOps$ForEachOp$OfRef.evaluateSequential(ForEachOps.java:174)
	at java.base/java.util.stream.AbstractPipeline.evaluate(AbstractPipeline.java:234)
	at java.base/java.util.stream.ReferencePipeline.forEach(ReferencePipeline.java:596)
	at io.cucumber.java.JavaBackend.loadGlue(JavaBackend.java:41)
	at io.cucumber.core.runner.Runner.<init>(Runner.java:56)
	at io.cucumber.core.runtime.SingletonRunnerSupplier.createRunner(SingletonRunnerSupplier.java:44)
	at io.cucumber.core.runtime.SingletonRunnerSupplier.get(SingletonRunnerSupplier.java:35)
	at io.cucumber.core.runtime.RethrowingThrowableCollector.executeAndThrow(RethrowingThrowableCollector.java:35)
	at io.cucumber.core.runtime.CucumberExecutionContext.getRunner(CucumberExecutionContext.java:140)
	at io.cucumber.core.runtime.CucumberExecutionContext.runBeforeAllHooks(CucumberExecutionContext.java:92)
	at io.cucumber.junit.platform.engine.CucumberEngineExecutionContext.runBeforeAllHooks(CucumberEngineExecutionContext.java:103)
	at io.cucumber.junit.platform.engine.CucumberEngineDescriptor.ifChildren(CucumberEngineDescriptor.java:63)
	at io.cucumber.junit.platform.engine.CucumberEngineDescriptor.before(CucumberEngineDescriptor.java:38)
	at io.cucumber.junit.platform.engine.CucumberEngineDescriptor.before(CucumberEngineDescriptor.java:12)
	at org.junit.platform.engine.support.hierarchical.NodeTestTask.lambda$executeRecursively$6(NodeTestTask.java:153)
	at org.junit.platform.engine.support.hierarchical.ThrowableCollector.execute(ThrowableCollector.java:73)
	at org.junit.platform.engine.support.hierarchical.NodeTestTask.lambda$executeRecursively$8(NodeTestTask.java:146)
	at org.junit.platform.engine.support.hierarchical.Node.around(Node.java:137)
	at org.junit.platform.engine.support.hierarchical.NodeTestTask.lambda$executeRecursively$9(NodeTestTask.java:144)
	at org.junit.platform.engine.support.hierarchical.ThrowableCollector.execute(ThrowableCollector.java:73)
	at org.junit.platform.engine.support.hierarchical.NodeTestTask.executeRecursively(NodeTestTask.java:143)
	at org.junit.platform.engine.support.hierarchical.NodeTestTask.execute(NodeTestTask.java:100)
	at org.junit.platform.engine.support.hierarchical.SameThreadHierarchicalTestExecutorService.submit(SameThreadHierarchicalTestExecutorService.java:35)
	at org.junit.platform.engine.support.hierarchical.HierarchicalTestExecutor.execute(HierarchicalTestExecutor.java:57)
	at org.junit.platform.engine.support.hierarchical.HierarchicalTestEngine.execute(HierarchicalTestEngine.java:54)
	at org.junit.platform.launcher.core.EngineExecutionOrchestrator.execute(EngineExecutionOrchestrator.java:198)
	at org.junit.platform.launcher.core.EngineExecutionOrchestrator.execute(EngineExecutionOrchestrator.java:169)
	at org.junit.platform.launcher.core.EngineExecutionOrchestrator.execute(EngineExecutionOrchestrator.java:93)
	at org.junit.platform.launcher.core.EngineExecutionOrchestrator.execute(EngineExecutionOrchestrator.java:76)
	at org.junit.platform.suite.engine.SuiteLauncher.execute(SuiteLauncher.java:63)
	at org.junit.platform.suite.engine.SuiteTestDescriptor.executeTests(SuiteTestDescriptor.java:168)
	at org.junit.platform.suite.engine.SuiteTestDescriptor.execute(SuiteTestDescriptor.java:137)
	at org.junit.platform.suite.engine.SuiteTestEngine.lambda$execute$0(SuiteTestEngine.java:73)
	at java.base/java.util.stream.ForEachOps$ForEachOp$OfRef.accept(ForEachOps.java:184)
	at java.base/java.util.stream.ReferencePipeline$3$1.accept(ReferencePipeline.java:197)
	at java.base/java.util.Iterator.forEachRemaining(Iterator.java:133)
	at java.base/java.util.Spliterators$IteratorSpliterator.forEachRemaining(Spliterators.java:1939)
	at java.base/java.util.stream.AbstractPipeline.copyInto(AbstractPipeline.java:509)
	at java.base/java.util.stream.AbstractPipeline.wrapAndCopyInto(AbstractPipeline.java:499)
	at java.base/java.util.stream.ForEachOps$ForEachOp.evaluateSequential(ForEachOps.java:151)
	at java.base/java.util.stream.ForEachOps$ForEachOp$OfRef.evaluateSequential(ForEachOps.java:174)
	at java.base/java.util.stream.AbstractPipeline.evaluate(AbstractPipeline.java:234)
	at java.base/java.util.stream.ReferencePipeline.forEach(ReferencePipeline.java:596)
	at org.junit.platform.suite.engine.SuiteTestEngine.execute(SuiteTestEngine.java:73)
	at org.junit.platform.launcher.core.EngineExecutionOrchestrator.execute(EngineExecutionOrchestrator.java:198)
	at org.junit.platform.launcher.core.EngineExecutionOrchestrator.execute(EngineExecutionOrchestrator.java:169)
	at org.junit.platform.launcher.core.EngineExecutionOrchestrator.execute(EngineExecutionOrchestrator.java:93)
	at org.junit.platform.launcher.core.EngineExecutionOrchestrator.lambda$execute$0(EngineExecutionOrchestrator.java:58)
	at org.junit.platform.launcher.core.EngineExecutionOrchestrator.withInterceptedStreams(EngineExecutionOrchestrator.java:141)
	at org.junit.platform.launcher.core.EngineExecutionOrchestrator.execute(EngineExecutionOrchestrator.java:57)
	at org.junit.platform.launcher.core.DefaultLauncher.execute(DefaultLauncher.java:103)
	at org.junit.platform.launcher.core.DefaultLauncher.execute(DefaultLauncher.java:85)
	at org.junit.platform.launcher.core.DelegatingLauncher.execute(DelegatingLauncher.java:47)
	at org.apache.maven.surefire.junitplatform.LazyLauncher.execute(LazyLauncher.java:56)
	at org.apache.maven.surefire.junitplatform.JUnitPlatformProvider.execute(JUnitPlatformProvider.java:184)
	at org.apache.maven.surefire.junitplatform.JUnitPlatformProvider.invokeAllTests(JUnitPlatformProvider.java:148)
	at org.apache.maven.surefire.junitplatform.JUnitPlatformProvider.invoke(JUnitPlatformProvider.java:122)
	at org.apache.maven.surefire.booter.ForkedBooter.runSuitesInProcess(ForkedBooter.java:385)
	at org.apache.maven.surefire.booter.ForkedBooter.execute(ForkedBooter.java:162)
	at org.apache.maven.surefire.booter.ForkedBooter.run(ForkedBooter.java:507)
	at org.apache.maven.surefire.booter.ForkedBooter.main(ForkedBooter.java:495)
Caused by: java.lang.ClassNotFoundException: com.sun.jna.FunctionMapper
	at java.base/jdk.internal.loader.BuiltinClassLoader.loadClass(BuiltinClassLoader.java:641)
	at java.base/jdk.internal.loader.ClassLoaders$AppClassLoader.loadClass(ClassLoaders.java:188)
	at java.base/java.lang.ClassLoader.loadClass(ClassLoader.java:526)
	... 96 more

Feb 24, 2025 9:11:57 PM io.cucumber.core.resource.ClasspathScanner safelyLoadClass
WARNING: Failed to load class 'net.bytebuddy.dynamic.loading.ClassInjector$UsingJna$Dispatcher$Jvm'.
By default Cucumber scans the entire classpath for step definitions.
You can restrict this by configuring the glue path.

Examples:
 - @CucumberOptions(glue = "com.example.application")
 - @ConfigurationParameter(key = GLUE_PROPERTY_NAME, value = "com.example.application") - src/test/resources/junit-platform.properties   cucumber.glue=com.example.application
 - src/test/resources/cucumber.properties         cucumber.glue=com.example.application

java.lang.NoClassDefFoundError: com/sun/jna/Library
	at java.base/java.lang.ClassLoader.defineClass1(Native Method)
	at java.base/java.lang.ClassLoader.defineClass(ClassLoader.java:1027)
	at java.base/java.security.SecureClassLoader.defineClass(SecureClassLoader.java:150)
	at java.base/jdk.internal.loader.BuiltinClassLoader.defineClass(BuiltinClassLoader.java:862)
	at java.base/jdk.internal.loader.BuiltinClassLoader.findClassOnClassPathOrNull(BuiltinClassLoader.java:760)
	at java.base/jdk.internal.loader.BuiltinClassLoader.loadClassOrNull(BuiltinClassLoader.java:681)
	at java.base/jdk.internal.loader.BuiltinClassLoader.loadClass(BuiltinClassLoader.java:639)
	at java.base/jdk.internal.loader.ClassLoaders$AppClassLoader.loadClass(ClassLoaders.java:188)
	at java.base/java.lang.ClassLoader.loadClass(ClassLoader.java:526)
	at io.cucumber.core.resource.ClasspathScanner.safelyLoadClass(ClasspathScanner.java:107)
	at io.cucumber.core.resource.ClasspathScanner.lambda$processClassFiles$5(ClasspathScanner.java:99)
	at io.cucumber.core.resource.PathScanner$ResourceFileVisitor.visitFile(PathScanner.java:75)
	at io.cucumber.core.resource.PathScanner$ResourceFileVisitor.visitFile(PathScanner.java:60)
	at java.base/java.nio.file.Files.walkFileTree(Files.java:2799)
	at io.cucumber.core.resource.PathScanner.findResourcesForPath(PathScanner.java:53)
	at io.cucumber.core.resource.PathScanner.findResourcesForUri(PathScanner.java:31)
	at io.cucumber.core.resource.ClasspathScanner.findClassesForUri(ClasspathScanner.java:73)
	at io.cucumber.core.resource.ClasspathScanner.lambda$findClassesForUris$3(ClasspathScanner.java:65)
	at java.base/java.util.stream.ReferencePipeline$3$1.accept(ReferencePipeline.java:197)
	at java.base/java.util.ArrayList$ArrayListSpliterator.forEachRemaining(ArrayList.java:1708)
	at java.base/java.util.stream.AbstractPipeline.copyInto(AbstractPipeline.java:509)
	at java.base/java.util.stream.AbstractPipeline.wrapAndCopyInto(AbstractPipeline.java:499)
	at java.base/java.util.stream.ReduceOps$ReduceOp.evaluateSequential(ReduceOps.java:921)
	at java.base/java.util.stream.AbstractPipeline.evaluate(AbstractPipeline.java:234)
	at java.base/java.util.stream.ReferencePipeline.collect(ReferencePipeline.java:682)
	at io.cucumber.core.resource.ClasspathScanner.findClassesForUris(ClasspathScanner.java:68)
	at io.cucumber.core.resource.ClasspathScanner.scanForClassesInPackage(ClasspathScanner.java:52)
	at io.cucumber.core.resource.ClasspathScanner.scanForClassesInPackage(ClasspathScanner.java:115)
	at java.base/java.util.stream.ReferencePipeline$3$1.accept(ReferencePipeline.java:197)
	at java.base/java.util.stream.ReferencePipeline$3$1.accept(ReferencePipeline.java:197)
	at java.base/java.util.stream.ReferencePipeline$2$1.accept(ReferencePipeline.java:179)
	at java.base/java.util.ArrayList$ArrayListSpliterator.forEachRemaining(ArrayList.java:1708)
	at java.base/java.util.stream.AbstractPipeline.copyInto(AbstractPipeline.java:509)
	at java.base/java.util.stream.AbstractPipeline.wrapAndCopyInto(AbstractPipeline.java:499)
	at java.base/java.util.stream.ForEachOps$ForEachOp.evaluateSequential(ForEachOps.java:151)
	at java.base/java.util.stream.ForEachOps$ForEachOp$OfRef.evaluateSequential(ForEachOps.java:174)
	at java.base/java.util.stream.AbstractPipeline.evaluate(AbstractPipeline.java:234)
	at java.base/java.util.stream.ReferencePipeline.forEach(ReferencePipeline.java:596)
	at io.cucumber.java.JavaBackend.loadGlue(JavaBackend.java:41)
	at io.cucumber.core.runner.Runner.<init>(Runner.java:56)
	at io.cucumber.core.runtime.SingletonRunnerSupplier.createRunner(SingletonRunnerSupplier.java:44)
	at io.cucumber.core.runtime.SingletonRunnerSupplier.get(SingletonRunnerSupplier.java:35)
	at io.cucumber.core.runtime.RethrowingThrowableCollector.executeAndThrow(RethrowingThrowableCollector.java:35)
	at io.cucumber.core.runtime.CucumberExecutionContext.getRunner(CucumberExecutionContext.java:140)
	at io.cucumber.core.runtime.CucumberExecutionContext.runBeforeAllHooks(CucumberExecutionContext.java:92)
	at io.cucumber.junit.platform.engine.CucumberEngineExecutionContext.runBeforeAllHooks(CucumberEngineExecutionContext.java:103)
	at io.cucumber.junit.platform.engine.CucumberEngineDescriptor.ifChildren(CucumberEngineDescriptor.java:63)
	at io.cucumber.junit.platform.engine.CucumberEngineDescriptor.before(CucumberEngineDescriptor.java:38)
	at io.cucumber.junit.platform.engine.CucumberEngineDescriptor.before(CucumberEngineDescriptor.java:12)
	at org.junit.platform.engine.support.hierarchical.NodeTestTask.lambda$executeRecursively$6(NodeTestTask.java:153)
	at org.junit.platform.engine.support.hierarchical.ThrowableCollector.execute(ThrowableCollector.java:73)
	at org.junit.platform.engine.support.hierarchical.NodeTestTask.lambda$executeRecursively$8(NodeTestTask.java:146)
	at org.junit.platform.engine.support.hierarchical.Node.around(Node.java:137)
	at org.junit.platform.engine.support.hierarchical.NodeTestTask.lambda$executeRecursively$9(NodeTestTask.java:144)
	at org.junit.platform.engine.support.hierarchical.ThrowableCollector.execute(ThrowableCollector.java:73)
	at org.junit.platform.engine.support.hierarchical.NodeTestTask.executeRecursively(NodeTestTask.java:143)
	at org.junit.platform.engine.support.hierarchical.NodeTestTask.execute(NodeTestTask.java:100)
	at org.junit.platform.engine.support.hierarchical.SameThreadHierarchicalTestExecutorService.submit(SameThreadHierarchicalTestExecutorService.java:35)
	at org.junit.platform.engine.support.hierarchical.HierarchicalTestExecutor.execute(HierarchicalTestExecutor.java:57)
	at org.junit.platform.engine.support.hierarchical.HierarchicalTestEngine.execute(HierarchicalTestEngine.java:54)
	at org.junit.platform.launcher.core.EngineExecutionOrchestrator.execute(EngineExecutionOrchestrator.java:198)
	at org.junit.platform.launcher.core.EngineExecutionOrchestrator.execute(EngineExecutionOrchestrator.java:169)
	at org.junit.platform.launcher.core.EngineExecutionOrchestrator.execute(EngineExecutionOrchestrator.java:93)
	at org.junit.platform.launcher.core.EngineExecutionOrchestrator.execute(EngineExecutionOrchestrator.java:76)
	at org.junit.platform.suite.engine.SuiteLauncher.execute(SuiteLauncher.java:63)
	at org.junit.platform.suite.engine.SuiteTestDescriptor.executeTests(SuiteTestDescriptor.java:168)
	at org.junit.platform.suite.engine.SuiteTestDescriptor.execute(SuiteTestDescriptor.java:137)
	at org.junit.platform.suite.engine.SuiteTestEngine.lambda$execute$0(SuiteTestEngine.java:73)
	at java.base/java.util.stream.ForEachOps$ForEachOp$OfRef.accept(ForEachOps.java:184)
	at java.base/java.util.stream.ReferencePipeline$3$1.accept(ReferencePipeline.java:197)
	at java.base/java.util.Iterator.forEachRemaining(Iterator.java:133)
	at java.base/java.util.Spliterators$IteratorSpliterator.forEachRemaining(Spliterators.java:1939)
	at java.base/java.util.stream.AbstractPipeline.copyInto(AbstractPipeline.java:509)
	at java.base/java.util.stream.AbstractPipeline.wrapAndCopyInto(AbstractPipeline.java:499)
	at java.base/java.util.stream.ForEachOps$ForEachOp.evaluateSequential(ForEachOps.java:151)
	at java.base/java.util.stream.ForEachOps$ForEachOp$OfRef.evaluateSequential(ForEachOps.java:174)
	at java.base/java.util.stream.AbstractPipeline.evaluate(AbstractPipeline.java:234)
	at java.base/java.util.stream.ReferencePipeline.forEach(ReferencePipeline.java:596)
	at org.junit.platform.suite.engine.SuiteTestEngine.execute(SuiteTestEngine.java:73)
	at org.junit.platform.launcher.core.EngineExecutionOrchestrator.execute(EngineExecutionOrchestrator.java:198)
	at org.junit.platform.launcher.core.EngineExecutionOrchestrator.execute(EngineExecutionOrchestrator.java:169)
	at org.junit.platform.launcher.core.EngineExecutionOrchestrator.execute(EngineExecutionOrchestrator.java:93)
	at org.junit.platform.launcher.core.EngineExecutionOrchestrator.lambda$execute$0(EngineExecutionOrchestrator.java:58)
	at org.junit.platform.launcher.core.EngineExecutionOrchestrator.withInterceptedStreams(EngineExecutionOrchestrator.java:141)
	at org.junit.platform.launcher.core.EngineExecutionOrchestrator.execute(EngineExecutionOrchestrator.java:57)
	at org.junit.platform.launcher.core.DefaultLauncher.execute(DefaultLauncher.java:103)
	at org.junit.platform.launcher.core.DefaultLauncher.execute(DefaultLauncher.java:85)
	at org.junit.platform.launcher.core.DelegatingLauncher.execute(DelegatingLauncher.java:47)
	at org.apache.maven.surefire.junitplatform.LazyLauncher.execute(LazyLauncher.java:56)
	at org.apache.maven.surefire.junitplatform.JUnitPlatformProvider.execute(JUnitPlatformProvider.java:184)
	at org.apache.maven.surefire.junitplatform.JUnitPlatformProvider.invokeAllTests(JUnitPlatformProvider.java:148)
	at org.apache.maven.surefire.junitplatform.JUnitPlatformProvider.invoke(JUnitPlatformProvider.java:122)
	at org.apache.maven.surefire.booter.ForkedBooter.runSuitesInProcess(ForkedBooter.java:385)
	at org.apache.maven.surefire.booter.ForkedBooter.execute(ForkedBooter.java:162)
	at org.apache.maven.surefire.booter.ForkedBooter.run(ForkedBooter.java:507)
	at org.apache.maven.surefire.booter.ForkedBooter.main(ForkedBooter.java:495)
Caused by: java.lang.ClassNotFoundException: com.sun.jna.Library
	at java.base/jdk.internal.loader.BuiltinClassLoader.loadClass(BuiltinClassLoader.java:641)
	at java.base/jdk.internal.loader.ClassLoaders$AppClassLoader.loadClass(ClassLoaders.java:188)
	at java.base/java.lang.ClassLoader.loadClass(ClassLoader.java:526)
	... 96 more

]]></system-err>
  </testcase>
  <testcase name="Is it Friday yet? - Friday is Friday" classname="Is it Friday yet?" time="0.002">
    <system-out><![CDATA[
Scenario: Friday is Friday           &amp#27;[90m# hellocucumber/is_it_friday_yet.feature:9&amp#27;[0m
  &amp#27;[32mGiven &amp#27;[0m&amp#27;[32mtoday is Friday&amp#27;[0m              &amp#27;[90m# hellocucumber.StepDefinitions.today_is_Friday()&amp#27;[0m
  &amp#27;[32mWhen &amp#27;[0m&amp#27;[32mI ask whether it's Friday yet&amp#27;[0m &amp#27;[90m# hellocucumber.StepDefinitions.i_ask_whether_it_s_Friday_yet()&amp#27;[0m
  &amp#27;[32mThen &amp#27;[0m&amp#27;[32mI should be told &amp#27;[0m&amp#27;[32m&amp#27;[1m"TGIF"&amp#27;[0m       &amp#27;[90m# hellocucumber.StepDefinitions.i_should_be_told(java.lang.String)&amp#27;[0m
]]></system-out>
  </testcase>
</testsuite>